Using pre-set license
Built from '2022.3/staging' branch; Version is '2022.3.22f1 (887be4894c44) revision 8944612'; Using compiler version '192829333'; Build Type 'Release'
OS: 'Windows 11  (10.0.26100) 64bit Core' Language: 'en' Physical Memory: 14060 MB
BatchMode: 1, IsHumanControllingUs: 0, StartBugReporterOnCrash: 0, Is64bit: 1, IsPro: 1

COMMAND LINE ARGUMENTS:
C:\Program Files\Unity\Hub\Editor\2022.3.22f1\Editor\Unity.exe
-adb2
-batchMode
-noUpm
-name
AssetImportWorker1
-projectPath
C:/Users/pedro/Documents/Documents - Pessoal/Estudo/Universidade/UC's/4º Ano - 2º Semestre/PGMV - Programação e Geração de Mundos Virtuais/Projeto/Entrega/PGMV
-logFile
Logs/AssetImportWorker1.log
-srvPort
52749
Successfully changed project path to: C:/Users/pedro/Documents/Documents - Pessoal/Estudo/Universidade/UC's/4º Ano - 2º Semestre/PGMV - Programação e Geração de Mundos Virtuais/Projeto/Entrega/PGMV
C:/Users/pedro/Documents/Documents - Pessoal/Estudo/Universidade/UC's/4º Ano - 2º Semestre/PGMV - Programação e Geração de Mundos Virtuais/Projeto/Entrega/PGMV
[UnityMemory] Configuration Parameters - Can be set up in boot.config
    "memorysetup-bucket-allocator-granularity=16"
    "memorysetup-bucket-allocator-bucket-count=8"
    "memorysetup-bucket-allocator-block-size=33554432"
    "memorysetup-bucket-allocator-block-count=8"
    "memorysetup-main-allocator-block-size=16777216"
    "memorysetup-thread-allocator-block-size=16777216"
    "memorysetup-gfx-main-allocator-block-size=16777216"
    "memorysetup-gfx-thread-allocator-block-size=16777216"
    "memorysetup-cache-allocator-block-size=4194304"
    "memorysetup-typetree-allocator-block-size=2097152"
    "memorysetup-profiler-bucket-allocator-granularity=16"
    "memorysetup-profiler-bucket-allocator-bucket-count=8"
    "memorysetup-profiler-bucket-allocator-block-size=33554432"
    "memorysetup-profiler-bucket-allocator-block-count=8"
    "memorysetup-profiler-allocator-block-size=16777216"
    "memorysetup-profiler-editor-allocator-block-size=1048576"
    "memorysetup-temp-allocator-size-main=16777216"
    "memorysetup-job-temp-allocator-block-size=2097152"
    "memorysetup-job-temp-allocator-block-size-background=1048576"
    "memorysetup-job-temp-allocator-reduction-small-platforms=262144"
    "memorysetup-allocator-temp-initial-block-size-main=262144"
    "memorysetup-allocator-temp-initial-block-size-worker=262144"
    "memorysetup-temp-allocator-size-background-worker=32768"
    "memorysetup-temp-allocator-size-job-worker=262144"
    "memorysetup-temp-allocator-size-preload-manager=33554432"
    "memorysetup-temp-allocator-size-nav-mesh-worker=65536"
    "memorysetup-temp-allocator-size-audio-worker=65536"
    "memorysetup-temp-allocator-size-cloud-worker=32768"
    "memorysetup-temp-allocator-size-gi-baking-worker=262144"
    "memorysetup-temp-allocator-size-gfx=262144"
Player connection [26388] Host "[IP] 10.94.213.210 [Port] 0 [Flags] 2 [Guid] 2638580476 [EditorId] 2638580476 [Version] 1048832 [Id] WindowsEditor(7,Lenovo-do-Pedro) [Debug] 1 [PackageName] WindowsEditor [ProjectName] Editor" joined multi-casting on [225.0.0.222:54997]...

Player connection [26388] Host "[IP] 10.94.213.210 [Port] 0 [Flags] 2 [Guid] 2638580476 [EditorId] 2638580476 [Version] 1048832 [Id] WindowsEditor(7,Lenovo-do-Pedro) [Debug] 1 [PackageName] WindowsEditor [ProjectName] Editor" joined alternative multi-casting on [225.0.0.222:34997]...

[Physics::Module] Initialized MultithreadedJobDispatcher with 11 workers.
Refreshing native plugins compatible for Editor in 6410.92 ms, found 3 plugins.
Preloading 0 native plugins for Editor in 0.00 ms.
Initialize engine version: 2022.3.22f1 (887be4894c44)
[Subsystems] Discovering subsystems at path C:/Program Files/Unity/Hub/Editor/2022.3.22f1/Editor/Data/Resources/UnitySubsystems
[Subsystems] Discovering subsystems at path C:/Users/pedro/Documents/Documents - Pessoal/Estudo/Universidade/UC's/4º Ano - 2º Semestre/PGMV - Programação e Geração de Mundos Virtuais/Projeto/Entrega/PGMV/Assets
GfxDevice: creating device client; threaded=0; jobified=0
Direct3D:
    Version:  Direct3D 11.0 [level 11.1]
    Renderer: Intel(R) Iris(R) Xe Graphics (ID=0xa7a1)
    Vendor:   Intel
    VRAM:     7030 MB
    Driver:   32.0.101.5542
Initialize mono
Mono path[0] = 'C:/Program Files/Unity/Hub/Editor/2022.3.22f1/Editor/Data/Managed'
Mono path[1] = 'C:/Program Files/Unity/Hub/Editor/2022.3.22f1/Editor/Data/MonoBleedingEdge/lib/mono/unityjit-win32'
Mono config path = 'C:/Program Files/Unity/Hub/Editor/2022.3.22f1/Editor/Data/MonoBleedingEdge/etc'
Using monoOptions --debugger-agent=transport=dt_socket,embedding=1,server=y,suspend=n,address=127.0.0.1:56180
Begin MonoManager ReloadAssembly
Registering precompiled unity dll's ...
Register platform support module: C:/Program Files/Unity/Hub/Editor/2022.3.22f1/Editor/Data/PlaybackEngines/WindowsStandaloneSupport/UnityEditor.WindowsStandalone.Extensions.dll
Registered in 0.008339 seconds.
- Loaded All Assemblies, in  0.436 seconds
Native extension for WindowsStandalone target not found
Mono: successfully reloaded assembly
- Finished resetting the current domain, in  0.326 seconds
Domain Reload Profiling: 762ms
	BeginReloadAssembly (166ms)
		ExecutionOrderSort (0ms)
		DisableScriptedObjects (0ms)
		BackupInstance (0ms)
		ReleaseScriptingObjects (0ms)
		CreateAndSetChildDomain (1ms)
	RebuildCommonClasses (35ms)
	RebuildNativeTypeToScriptingClass (9ms)
	initialDomainReloadingComplete (66ms)
	LoadAllAssembliesAndSetupDomain (157ms)
		LoadAssemblies (164ms)
		RebuildTransferFunctionScriptingTraits (0ms)
		AnalyzeDomain (154ms)
			TypeCache.Refresh (152ms)
				TypeCache.ScanAssembly (138ms)
			ScanForSourceGeneratedMonoScriptInfo (0ms)
			ResolveRequiredComponents (0ms)
	FinalizeReload (327ms)
		ReleaseScriptCaches (0ms)
		RebuildScriptCaches (0ms)
		SetupLoadedEditorAssemblies (256ms)
			LogAssemblyErrors (0ms)
			InitializePlatformSupportModulesInManaged (13ms)
			SetLoadedEditorAssemblies (10ms)
			RefreshPlugins (0ms)
			BeforeProcessingInitializeOnLoad (3ms)
			ProcessInitializeOnLoadAttributes (173ms)
			ProcessInitializeOnLoadMethodAttributes (57ms)
			AfterProcessingInitializeOnLoad (0ms)
			EditorAssembliesLoaded (0ms)
		ExecutionOrderSort2 (0ms)
		AwakeInstancesAfterBackupRestoration (0ms)
========================================================================
Worker process is ready to serve import requests
Begin MonoManager ReloadAssembly
DirectoryNotFoundException: Could not find a part of the path "C:\Users\pedro\Documents\Documents - Pessoal\Estudo\Universidade\UC's\4º Ano - 2º Semestre\PGMV - Programação e Geração de Mundos Virtuais\Projeto\Entrega\PGMV\Library\PackageCache\com.unity.visualscripting@1.9.4\Editor\VisualScripting.Core\Dependencies\YamlDotNet\Unity.VisualScripting.YamlDotNet.dll"
  at System.IO.FileStream..ctor (System.String path, System.IO.FileMode mode, System.IO.FileAccess access, System.IO.FileShare share, System.Int32 bufferSize, System.Boolean anonymous, System.IO.FileOptions options) [0x0019e] in <27124aa0e30a41659b903b822b959bc7>:0 
  at System.IO.FileStream..ctor (System.String path, System.IO.FileMode mode, System.IO.FileAccess access, System.IO.FileShare share) [0x00000] in <27124aa0e30a41659b903b822b959bc7>:0 
  at (wrapper remoting-invoke-with-check) System.IO.FileStream..ctor(string,System.IO.FileMode,System.IO.FileAccess,System.IO.FileShare)
  at Mono.Cecil.ModuleDefinition.GetFileStream (System.String fileName, System.IO.FileMode mode, System.IO.FileAccess access, System.IO.FileShare share) [0x00006] in <a6860a9f6366437387ebdc1f225b7fd4>:0 
  at Mono.Cecil.ModuleDefinition.ReadModule (System.String fileName, Mono.Cecil.ReaderParameters parameters) [0x00008] in <a6860a9f6366437387ebdc1f225b7fd4>:0 
  at Mono.Cecil.AssemblyDefinition.ReadAssembly (System.String fileName, Mono.Cecil.ReaderParameters parameters) [0x00000] in <a6860a9f6366437387ebdc1f225b7fd4>:0 
  at UnityEditor.AssemblyValidation.LoadAssemblyDefinitions (System.String[] assemblyPaths, System.String[] searchPaths) [0x00048] in <80a8ce1980c648dca8e68f0d8aa3b930>:0 
  at UnityEditor.AssemblyValidation.ValidateAssemblies (System.String[] assemblyPaths, System.Boolean enableLogging) [0x00007] in <80a8ce1980c648dca8e68f0d8aa3b930>:0 

- Loaded All Assemblies, in 17.545 seconds
Refreshing native plugins compatible for Editor in 27.18 ms, found 3 plugins.
Native extension for WindowsStandalone target not found
System.TypeInitializationException: The type initializer for 'Unity.Cloud.Collaborate.ToolbarButton' threw an exception. ---> System.IO.DirectoryNotFoundException: Could not find a part of the path "C:\Users\pedro\Documents\Documents - Pessoal\Estudo\Universidade\UC's\4º Ano - 2º Semestre\PGMV - Programação e Geração de Mundos Virtuais\Projeto\Entrega\PGMV\Library\PackageCache\com.unity.collab-proxy@2.3.1\Lib\Editor\PlasticSCM\localization\plastic-gui.en.txt"
  at System.IO.FileStream..ctor (System.String path, System.IO.FileMode mode, System.IO.FileAccess access, System.IO.FileShare share, System.Int32 bufferSize, System.Boolean anonymous, System.IO.FileOptions options) [0x0019e] in <27124aa0e30a41659b903b822b959bc7>:0 
  at System.IO.FileStream..ctor (System.String path, System.IO.FileMode mode, System.IO.FileAccess access, System.IO.FileShare share, System.Int32 bufferSize, System.Boolean isAsync, System.Boolean anonymous) [0x00000] in <27124aa0e30a41659b903b822b959bc7>:0 
  at System.IO.FileStream..ctor (System.String path, System.IO.FileMode mode, System.IO.FileAccess access) [0x00000] in <27124aa0e30a41659b903b822b959bc7>:0 
  at (wrapper remoting-invoke-with-check) System.IO.FileStream..ctor(string,System.IO.FileMode,System.IO.FileAccess)
  at Codice.Utils.LocalizationTranslator`1+FromTxt[T].GetTranslationsFromFile (System.String file) [0x0001b] in <868e5dc9b3a14edab88aeaa5b0166f37>:0 
  at Codice.Utils.LocalizationTranslator`1[T]..ctor (System.String fileName, System.String culture) [0x00052] in <868e5dc9b3a14edab88aeaa5b0166f37>:0 
  at PlasticGui.PlasticLocalization.GetTranslator (System.String fileName, System.String culture) [0x00011] in <868e5dc9b3a14edab88aeaa5b0166f37>:0 
  at PlasticGui.PlasticLocalization.GetString (PlasticGui.PlasticLocalization+Name name) [0x00001] in <868e5dc9b3a14edab88aeaa5b0166f37>:0 
  at Unity.Cloud.Collaborate.ToolbarButton..cctor () [0x00000] in .\Library\PackageCache\com.unity.collab-proxy@2.3.1\Editor\PlasticSCM\Toolbar\ToolbarButton.cs:59 
   --- End of inner exception stack trace ---
  at Unity.Cloud.Collaborate.ToolbarBootstrap..cctor () [0x00000] in .\Library\PackageCache\com.unity.collab-proxy@2.3.1\Editor\PlasticSCM\Toolbar\ToolbarButton.cs:14 
UnityEngine.StackTraceUtility:ExtractStackTrace ()
UnityEngine.DebugLogHandler:LogFormat (UnityEngine.LogType,UnityEngine.Object,string,object[])
UnityEngine.Logger:Log (UnityEngine.LogType,object)
UnityEngine.Debug:LogError (object)
UnityEditor.EditorAssemblies:ProcessInitializeOnLoadAttributes (System.Type[])

Mono: successfully reloaded assembly
- Finished resetting the current domain, in  3.273 seconds
Domain Reload Profiling: 20806ms
	BeginReloadAssembly (680ms)
		ExecutionOrderSort (0ms)
		DisableScriptedObjects (25ms)
		BackupInstance (0ms)
		ReleaseScriptingObjects (0ms)
		CreateAndSetChildDomain (86ms)
	RebuildCommonClasses (150ms)
	RebuildNativeTypeToScriptingClass (31ms)
	initialDomainReloadingComplete (189ms)
	LoadAllAssembliesAndSetupDomain (16481ms)
		LoadAssemblies (16089ms)
		RebuildTransferFunctionScriptingTraits (0ms)
		AnalyzeDomain (816ms)
			TypeCache.Refresh (690ms)
				TypeCache.ScanAssembly (633ms)
			ScanForSourceGeneratedMonoScriptInfo (89ms)
			ResolveRequiredComponents (28ms)
	FinalizeReload (3274ms)
		ReleaseScriptCaches (0ms)
		RebuildScriptCaches (0ms)
		SetupLoadedEditorAssemblies (2361ms)
			LogAssemblyErrors (0ms)
			InitializePlatformSupportModulesInManaged (45ms)
			SetLoadedEditorAssemblies (53ms)
			RefreshPlugins (0ms)
			BeforeProcessingInitializeOnLoad (411ms)
			ProcessInitializeOnLoadAttributes (1701ms)
			ProcessInitializeOnLoadMethodAttributes (115ms)
			AfterProcessingInitializeOnLoad (35ms)
			EditorAssembliesLoaded (1ms)
		ExecutionOrderSort2 (0ms)
		AwakeInstancesAfterBackupRestoration (27ms)
Launched and connected shader compiler UnityShaderCompiler.exe after 0.25 seconds
Refreshing native plugins compatible for Editor in 33.84 ms, found 3 plugins.
Preloading 0 native plugins for Editor in 0.00 ms.
Unloading 3671 Unused Serialized files (Serialized files now loaded: 0)
Unloading 51 unused Assets / (187.4 KB). Loaded Objects now: 4159.
Memory consumption went from 160.1 MB to 159.9 MB.
Total: 11.782400 ms (FindLiveObjects: 0.629200 ms CreateObjectMapping: 0.503800 ms MarkObjects: 10.023600 ms  DeleteObjects: 0.622700 ms)

AssetImportParameters requested are different than current active one (requested -> active):
  custom:container-demuxer-ogg: 62fdf1f143b41e24485cea50d1cbac27 -> 
  custom:video-codec-MediaFoundation-h265: 746d11721c4dcdbdad8f713fa42b33f4 -> 
  custom:video-decoder-ogg-theora: a1e56fd34408186e4bbccfd4996cb3dc -> 
  custom:framework-win-MediaFoundation: 216162199b28c13a410421893ffa2e32 -> 
  custom:CustomObjectIndexerAttribute: 9a22284fe3817be447336de3de66b15e -> 
  custom:container-demuxer-webm: 4f35f7cbe854078d1ac9338744f61a02 -> 
  custom:container-muxer-webm: aa71ff27fc2769a1b78a27578f13a17b -> 
  custom:video-decoder-webm-vp8: 9c59270c3fd7afecdb556c50c9e8de78 -> 
  custom:SearchIndexIgnoredProperties: e643bd26f0fe6173181afceb89e7c659 -> 
  custom:AudioImporter_EditorPlatform: d09bf68614088b80899f8185d706f6e7 -> 
  custom:video-encoder-webm-vp8: eb34c28f22e8b96e1ab97ce403110664 -> 
  custom:audio-decoder-ogg-vorbis: bf7c407c2cedff20999df2af8eb42d56 -> 
  custom:audio-encoder-webm-vorbis: bf7c407c2cedff20999df2af8eb42d56 -> 
========================================================================
Received Import Request.
  Time since last request: 693893.884039 seconds.
  path: Assets/Resources/Animations/Duel/SoldierBase.fbx
  artifactKey: Guid(85e2c14b32d9ffa48b5340399e8196bc) Importer(815301076,1909f56bfc062723c751e8b465ee728b)
Start importing Assets/Resources/Animations/Duel/SoldierBase.fbx using Guid(85e2c14b32d9ffa48b5340399e8196bc) Importer(815301076,1909f56bfc062723c751e8b465ee728b)  -> (artifact id: '730b01c6c16a0518a31b3b9683dd6d65') in 1.001178 seconds
Number of updated asset objects reloaded before import = 0
Number of asset objects unloaded after import = 98
========================================================================
Received Import Request.
  Time since last request: 31.320530 seconds.
  path: Assets/Tavern stuff/Hand Painted Seamless Wood Texture/Materials/M_Wood2.mat
  artifactKey: Guid(3e3fe7d08624f594bb8e96487091bd1a) Importer(815301076,1909f56bfc062723c751e8b465ee728b)
Start importing Assets/Tavern stuff/Hand Painted Seamless Wood Texture/Materials/M_Wood2.mat using Guid(3e3fe7d08624f594bb8e96487091bd1a) Importer(815301076,1909f56bfc062723c751e8b465ee728b)  -> (artifact id: 'a8872c374e4b4bd502ae715c86126acb') in 0.129054 seconds
Number of updated asset objects reloaded before import = 0
Number of asset objects unloaded after import = 2
========================================================================
Received Import Request.
  Time since last request: 0.000047 seconds.
  path: Assets/Tavern stuff/Hand Painted Seamless Wood Texture/Materials/Wood2.mat
  artifactKey: Guid(1922cacdd8d35d6458f37adf3b01d703) Importer(815301076,1909f56bfc062723c751e8b465ee728b)
Start importing Assets/Tavern stuff/Hand Painted Seamless Wood Texture/Materials/Wood2.mat using Guid(1922cacdd8d35d6458f37adf3b01d703) Importer(815301076,1909f56bfc062723c751e8b465ee728b)  -> (artifact id: '3deada4ae37b80346323549e8d8cc472') in 0.053570 seconds
Number of updated asset objects reloaded before import = 0
Number of asset objects unloaded after import = 2
========================================================================
Received Import Request.
  Time since last request: 0.000268 seconds.
  path: Assets/Tavern stuff/Hand Painted Seamless Wood Texture/Materials/M_Wood3.mat
  artifactKey: Guid(df52f4d0325777d49bbe6e566536e284) Importer(815301076,1909f56bfc062723c751e8b465ee728b)
Start importing Assets/Tavern stuff/Hand Painted Seamless Wood Texture/Materials/M_Wood3.mat using Guid(df52f4d0325777d49bbe6e566536e284) Importer(815301076,1909f56bfc062723c751e8b465ee728b)  -> (artifact id: '1734ae2e1a83249c43e2b9f3883e9ec9') in 0.050781 seconds
Number of updated asset objects reloaded before import = 0
Number of asset objects unloaded after import = 2
========================================================================
Received Import Request.
  Time since last request: 3.842102 seconds.
  path: Assets/Tavern stuff/Hand Painted Seamless Wood Texture/Textures/Wood2.tga
  artifactKey: Guid(fa79f310fc4924e4cabca0791e343bfb) Importer(815301076,1909f56bfc062723c751e8b465ee728b)
Start importing Assets/Tavern stuff/Hand Painted Seamless Wood Texture/Textures/Wood2.tga using Guid(fa79f310fc4924e4cabca0791e343bfb) Importer(815301076,1909f56bfc062723c751e8b465ee728b)  -> (artifact id: '9a8891a493647eb276347d9623e40816') in 0.107458 seconds
Number of updated asset objects reloaded before import = 0
Number of asset objects unloaded after import = 2
========================================================================
Received Import Request.
  Time since last request: 0.000331 seconds.
  path: Assets/Tavern stuff/Hand Painted Seamless Wood Texture/Textures/Wood3.tga
  artifactKey: Guid(3c63e2e318876fc4ebc6ba149de82007) Importer(815301076,1909f56bfc062723c751e8b465ee728b)
Start importing Assets/Tavern stuff/Hand Painted Seamless Wood Texture/Textures/Wood3.tga using Guid(3c63e2e318876fc4ebc6ba149de82007) Importer(815301076,1909f56bfc062723c751e8b465ee728b)  -> (artifact id: '4325cfd8a20e58093fc2b7c9638d646d') in 0.064165 seconds
Number of updated asset objects reloaded before import = 0
Number of asset objects unloaded after import = 2
========================================================================
Received Import Request.
  Time since last request: 7.485069 seconds.
  path: Assets/Tavern stuff/Heroes/Cartoon Heroes/Character Prefabs/Male/Male B.prefab
  artifactKey: Guid(f933c455b886ad644b60dc415ab31bb3) Importer(815301076,1909f56bfc062723c751e8b465ee728b)
Start importing Assets/Tavern stuff/Heroes/Cartoon Heroes/Character Prefabs/Male/Male B.prefab using Guid(f933c455b886ad644b60dc415ab31bb3) Importer(815301076,1909f56bfc062723c751e8b465ee728b)  -> (artifact id: '1a939710060e03e4006762cfb3290380') in 0.789608 seconds
Number of updated asset objects reloaded before import = 0
Number of asset objects unloaded after import = 548
========================================================================
Received Import Request.
  Time since last request: 2.342707 seconds.
  path: Assets/Tavern stuff/Heroes/Cartoon Heroes/Character Prefabs/Female/Female B.prefab
  artifactKey: Guid(a367f32b0351f2648a0e15f3444c6f86) Importer(815301076,1909f56bfc062723c751e8b465ee728b)
Start importing Assets/Tavern stuff/Heroes/Cartoon Heroes/Character Prefabs/Female/Female B.prefab using Guid(a367f32b0351f2648a0e15f3444c6f86) Importer(815301076,1909f56bfc062723c751e8b465ee728b)  -> (artifact id: 'cc7b64553ee54abaf14c71d352880223') in 0.671073 seconds
Number of updated asset objects reloaded before import = 0
Number of asset objects unloaded after import = 451
========================================================================
Received Import Request.
  Time since last request: 34.697289 seconds.
  path: Assets/Tree9/bark14.png
  artifactKey: Guid(78e60ad3a8152ec46be748bb6d5a7cdf) Importer(815301076,1909f56bfc062723c751e8b465ee728b)
Start importing Assets/Tree9/bark14.png using Guid(78e60ad3a8152ec46be748bb6d5a7cdf) Importer(815301076,1909f56bfc062723c751e8b465ee728b)  -> (artifact id: '59532fc5bee3f0048dfe4e4738f5f84c') in 0.072323 seconds
Number of updated asset objects reloaded before import = 0
Number of asset objects unloaded after import = 2
========================================================================
Received Import Request.
  Time since last request: 0.000388 seconds.
  path: Assets/Tree9/bark14_N.png
  artifactKey: Guid(81f1d63919f88a547a8d97fe857cc586) Importer(815301076,1909f56bfc062723c751e8b465ee728b)
Start importing Assets/Tree9/bark14_N.png using Guid(81f1d63919f88a547a8d97fe857cc586) Importer(815301076,1909f56bfc062723c751e8b465ee728b)  -> (artifact id: '874d42e2c8345680af93312d26cc138c') in 0.137749 seconds
Number of updated asset objects reloaded before import = 0
Number of asset objects unloaded after import = 2
========================================================================
Received Import Request.
  Time since last request: 0.000049 seconds.
  path: Assets/Tree9/Tree9_Leaf.fbx
  artifactKey: Guid(1de95aafaed1b594b88a317c6a6ac028) Importer(815301076,1909f56bfc062723c751e8b465ee728b)
Start importing Assets/Tree9/Tree9_Leaf.fbx using Guid(1de95aafaed1b594b88a317c6a6ac028) Importer(815301076,1909f56bfc062723c751e8b465ee728b)  -> (artifact id: 'cbea93be69645162dbee64bec9afc8de') in 0.243540 seconds
Number of updated asset objects reloaded before import = 0
Number of asset objects unloaded after import = 10
========================================================================
Received Import Request.
  Time since last request: 0.000057 seconds.
  path: Assets/Tree9/Leafs19_N.png
  artifactKey: Guid(fa41cc63b7bd56f4da64009c1c218880) Importer(815301076,1909f56bfc062723c751e8b465ee728b)
Start importing Assets/Tree9/Leafs19_N.png using Guid(fa41cc63b7bd56f4da64009c1c218880) Importer(815301076,1909f56bfc062723c751e8b465ee728b)  -> (artifact id: '6f2bcea30734f995072e1b0d25fecc70') in 0.042255 seconds
Number of updated asset objects reloaded before import = 0
Number of asset objects unloaded after import = 2
========================================================================
Received Import Request.
  Time since last request: 0.000101 seconds.
  path: Assets/Tree9/Tree9_3.prefab
  artifactKey: Guid(8b2d47fdc2e25ac4f9721480a68bbefa) Importer(815301076,1909f56bfc062723c751e8b465ee728b)
Start importing Assets/Tree9/Tree9_3.prefab using Guid(8b2d47fdc2e25ac4f9721480a68bbefa) Importer(815301076,1909f56bfc062723c751e8b465ee728b)  -> (artifact id: 'baa3ac622c952ee3833213182c957fce') in 0.146427 seconds
Number of updated asset objects reloaded before import = 0
Number of asset objects unloaded after import = 28
========================================================================
Received Import Request.
  Time since last request: 0.000044 seconds.
  path: Assets/Tree9/Leafs19.tga
  artifactKey: Guid(58552de7d543f6e4095feb3806e56f4f) Importer(815301076,1909f56bfc062723c751e8b465ee728b)
Start importing Assets/Tree9/Leafs19.tga using Guid(58552de7d543f6e4095feb3806e56f4f) Importer(815301076,1909f56bfc062723c751e8b465ee728b)  -> (artifact id: '2f2b8b82ec40128e042724b131a56858') in 0.031367 seconds
Number of updated asset objects reloaded before import = 0
Number of asset objects unloaded after import = 2
========================================================================
Received Import Request.
  Time since last request: 14.600234 seconds.
  path: Assets/Scenes/Tavern/Lightmap-0_comp_light.exr
  artifactKey: Guid(296f82568b0235e429f46d66dfd96ba2) Importer(815301076,1909f56bfc062723c751e8b465ee728b)
Start importing Assets/Scenes/Tavern/Lightmap-0_comp_light.exr using Guid(296f82568b0235e429f46d66dfd96ba2) Importer(815301076,1909f56bfc062723c751e8b465ee728b)  -> (artifact id: '53071aecd10231b58c52c34dedd443de') in 0.104879 seconds
Number of updated asset objects reloaded before import = 0
Number of asset objects unloaded after import = 2
========================================================================
Received Import Request.
  Time since last request: 0.000060 seconds.
  path: Assets/Scenes/Tavern/ReflectionProbe-2.exr
  artifactKey: Guid(3dcca5c875372f14a87b42994bee0528) Importer(815301076,1909f56bfc062723c751e8b465ee728b)
Start importing Assets/Scenes/Tavern/ReflectionProbe-2.exr using Guid(3dcca5c875372f14a87b42994bee0528) Importer(815301076,1909f56bfc062723c751e8b465ee728b)  -> (artifact id: 'e99f4d932280e07f5bb4807040b2e1d2') in 0.078531 seconds
Number of updated asset objects reloaded before import = 0
Number of asset objects unloaded after import = 1
========================================================================
Received Import Request.
  Time since last request: 0.000062 seconds.
  path: Assets/Scenes/Tavern/ReflectionProbe-7.exr
  artifactKey: Guid(c76075802d7f74a44bb5cb71daca4825) Importer(815301076,1909f56bfc062723c751e8b465ee728b)
Start importing Assets/Scenes/Tavern/ReflectionProbe-7.exr using Guid(c76075802d7f74a44bb5cb71daca4825) Importer(815301076,1909f56bfc062723c751e8b465ee728b)  -> (artifact id: '539d2e84eef6b3ddff5f60de3a56a2c6') in 0.042174 seconds
Number of updated asset objects reloaded before import = 0
Number of asset objects unloaded after import = 1
========================================================================
Received Import Request.
  Time since last request: 0.000036 seconds.
  path: Assets/Scenes/Tavern/ReflectionProbe-10.exr
  artifactKey: Guid(35a491216f7c5074087cc36375d5d4b4) Importer(815301076,1909f56bfc062723c751e8b465ee728b)
Start importing Assets/Scenes/Tavern/ReflectionProbe-10.exr using Guid(35a491216f7c5074087cc36375d5d4b4) Importer(815301076,1909f56bfc062723c751e8b465ee728b)  -> (artifact id: 'a09fbe4df000ac3e5afaf29c087b47cd') in 0.050182 seconds
Number of updated asset objects reloaded before import = 0
Number of asset objects unloaded after import = 1
========================================================================
Received Import Request.
  Time since last request: 0.000057 seconds.
  path: Assets/Scenes/Tavern/ReflectionProbe-8.exr
  artifactKey: Guid(39a9219f4a49c8149b6cc16bb360af8a) Importer(815301076,1909f56bfc062723c751e8b465ee728b)
Start importing Assets/Scenes/Tavern/ReflectionProbe-8.exr using Guid(39a9219f4a49c8149b6cc16bb360af8a) Importer(815301076,1909f56bfc062723c751e8b465ee728b)  -> (artifact id: '84b5e27d1aefd26c89e6623de6d7c18b') in 0.051414 seconds
Number of updated asset objects reloaded before import = 0
Number of asset objects unloaded after import = 1
========================================================================
Received Import Request.
  Time since last request: 0.000033 seconds.
  path: Assets/Scenes/Tavern/ReflectionProbe-15.exr
  artifactKey: Guid(3da61ddbe20a7e54b9ed4484a3394cdc) Importer(815301076,1909f56bfc062723c751e8b465ee728b)
Start importing Assets/Scenes/Tavern/ReflectionProbe-15.exr using Guid(3da61ddbe20a7e54b9ed4484a3394cdc) Importer(815301076,1909f56bfc062723c751e8b465ee728b)  -> (artifact id: '3cf1b45323d48e4440fba082e0876b6a') in 0.037214 seconds
Number of updated asset objects reloaded before import = 0
Number of asset objects unloaded after import = 1
========================================================================
Received Import Request.
  Time since last request: 0.000024 seconds.
  path: Assets/Scenes/Tavern/ReflectionProbe-17.exr
  artifactKey: Guid(7dc84c29f420d384595ca09d051ed507) Importer(815301076,1909f56bfc062723c751e8b465ee728b)
Start importing Assets/Scenes/Tavern/ReflectionProbe-17.exr using Guid(7dc84c29f420d384595ca09d051ed507) Importer(815301076,1909f56bfc062723c751e8b465ee728b)  -> (artifact id: 'cf0e5a84e7981d7fa1472481e0c496ac') in 0.052570 seconds
Number of updated asset objects reloaded before import = 0
Number of asset objects unloaded after import = 1
========================================================================
Received Import Request.
  Time since last request: 0.000115 seconds.
  path: Assets/Scenes/Tavern/ReflectionProbe-1.exr
  artifactKey: Guid(e313b7c022c6c494ea85f47d8a752663) Importer(815301076,1909f56bfc062723c751e8b465ee728b)
Start importing Assets/Scenes/Tavern/ReflectionProbe-1.exr using Guid(e313b7c022c6c494ea85f47d8a752663) Importer(815301076,1909f56bfc062723c751e8b465ee728b)  -> (artifact id: '716969babc54308265ce881468d4f524') in 0.043887 seconds
Number of updated asset objects reloaded before import = 0
Number of asset objects unloaded after import = 1
========================================================================
Received Import Request.
  Time since last request: 0.000112 seconds.
  path: Assets/Scenes/Tavern/ReflectionProbe-3.exr
  artifactKey: Guid(399153674d3bda646a913788ee38982b) Importer(815301076,1909f56bfc062723c751e8b465ee728b)
Start importing Assets/Scenes/Tavern/ReflectionProbe-3.exr using Guid(399153674d3bda646a913788ee38982b) Importer(815301076,1909f56bfc062723c751e8b465ee728b)  -> (artifact id: '0e11b98ed161582a4f1bce7469263153') in 0.047768 seconds
Number of updated asset objects reloaded before import = 0
Number of asset objects unloaded after import = 1
Editor requested this worker to shutdown with reason: Scaling down because of idle timeout
TcpMessagingSession - receive error: operation aborted. errorcode: 995, details: The I/O operation has been aborted because of either a thread exit or an application request.
AssetImportWorker is now disconnected from the server
Process exiting
Exiting without the bug reporter. Application will terminate with return code 0